Not Found: /favicon.ico
Internal Server Error: /homework/deploy_status
Traceback (most recent call last):
  File "/Users/huozhihui/zhi/django_project/lib/python2.7/site-packages/django/core/handlers/exception.py", line 42, in inner
    response = get_response(request)
  File "/Users/huozhihui/zhi/django_project/lib/python2.7/site-packages/django/core/handlers/base.py", line 187, in _get_response
    response = self.process_exception_by_middleware(e, request)
  File "/Users/huozhihui/zhi/django_project/lib/python2.7/site-packages/channels/handler.py", line 237, in process_exception_by_middleware
    return super(AsgiHandler, self).process_exception_by_middleware(exception, request)
  File "/Users/huozhihui/zhi/django_project/lib/python2.7/site-packages/django/core/handlers/base.py", line 185, in _get_response
    response = wrapped_callback(request, *callback_args, **callback_kwargs)
  File "/Users/huozhihui/zhi/django_project/lib/python2.7/site-packages/django/contrib/auth/decorators.py", line 23, in _wrapped_view
    return view_func(request, *args, **kwargs)
  File "/Users/huozhihui/zhi/django_project/devops_tool/workflow/controllers/homework.py", line 17, in wrapper
    return func(*args, **kwargs)
  File "/Users/huozhihui/zhi/django_project/devops_tool/workflow/controllers/homework.py", line 17, in wrapper
    return func(*args, **kwargs)
  File "/Users/huozhihui/zhi/django_project/devops_tool/workflow/controllers/homework.py", line 468, in deploy_status
    return render(request, render_url, locals())
  File "/Users/huozhihui/zhi/django_project/lib/python2.7/site-packages/django/shortcuts.py", line 30, in render
    content = loader.render_to_string(template_name, context, request, using=using)
  File "/Users/huozhihui/zhi/django_project/lib/python2.7/site-packages/django/template/loader.py", line 68, in render_to_string
    return template.render(context, request)
  File "/Users/huozhihui/zhi/django_project/lib/python2.7/site-packages/django/template/backends/django.py", line 66, in render
    return self.template.render(context)
  File "/Users/huozhihui/zhi/django_project/lib/python2.7/site-packages/django/template/base.py", line 208, in render
    return self._render(context)
  File "/Users/huozhihui/zhi/django_project/lib/python2.7/site-packages/django/template/base.py", line 199, in _render
    return self.nodelist.render(context)
  File "/Users/huozhihui/zhi/django_project/lib/python2.7/site-packages/django/template/base.py", line 994, in render
    bit = node.render_annotated(context)
  File "/Users/huozhihui/zhi/django_project/lib/python2.7/site-packages/django/template/base.py", line 961, in render_annotated
    return self.render(context)
  File "/Users/huozhihui/zhi/django_project/lib/python2.7/site-packages/django/template/loader_tags.py", line 174, in render
    return compiled_parent._render(context)
  File "/Users/huozhihui/zhi/django_project/lib/python2.7/site-packages/django/template/base.py", line 199, in _render
    return self.nodelist.render(context)
  File "/Users/huozhihui/zhi/django_project/lib/python2.7/site-packages/django/template/base.py", line 994, in render
    bit = node.render_annotated(context)
  File "/Users/huozhihui/zhi/django_project/lib/python2.7/site-packages/django/template/base.py", line 961, in render_annotated
    return self.render(context)
  File "/Users/huozhihui/zhi/django_project/lib/python2.7/site-packages/django/template/loader_tags.py", line 174, in render
    return compiled_parent._render(context)
  File "/Users/huozhihui/zhi/django_project/lib/python2.7/site-packages/django/template/base.py", line 199, in _render
    return self.nodelist.render(context)
  File "/Users/huozhihui/zhi/django_project/lib/python2.7/site-packages/django/template/base.py", line 994, in render
    bit = node.render_annotated(context)
  File "/Users/huozhihui/zhi/django_project/lib/python2.7/site-packages/django/template/base.py", line 961, in render_annotated
    return self.render(context)
  File "/Users/huozhihui/zhi/django_project/lib/python2.7/site-packages/django/template/loader_tags.py", line 174, in render
    return compiled_parent._render(context)
  File "/Users/huozhihui/zhi/django_project/lib/python2.7/site-packages/django/template/base.py", line 199, in _render
    return self.nodelist.render(context)
  File "/Users/huozhihui/zhi/django_project/lib/python2.7/site-packages/django/template/base.py", line 994, in render
    bit = node.render_annotated(context)
  File "/Users/huozhihui/zhi/django_project/lib/python2.7/site-packages/django/template/base.py", line 961, in render_annotated
    return self.render(context)
  File "/Users/huozhihui/zhi/django_project/lib/python2.7/site-packages/django/template/loader_tags.py", line 70, in render
    result = block.nodelist.render(context)
  File "/Users/huozhihui/zhi/django_project/lib/python2.7/site-packages/django/template/base.py", line 994, in render
    bit = node.render_annotated(context)
  File "/Users/huozhihui/zhi/django_project/lib/python2.7/site-packages/django/template/base.py", line 961, in render_annotated
    return self.render(context)
  File "/Users/huozhihui/zhi/django_project/lib/python2.7/site-packages/django/template/loader_tags.py", line 70, in render
    result = block.nodelist.render(context)
  File "/Users/huozhihui/zhi/django_project/lib/python2.7/site-packages/django/template/base.py", line 994, in render
    bit = node.render_annotated(context)
  File "/Users/huozhihui/zhi/django_project/lib/python2.7/site-packages/django/template/base.py", line 961, in render_annotated
    return self.render(context)
  File "/Users/huozhihui/zhi/django_project/lib/python2.7/site-packages/django/template/loader_tags.py", line 70, in render
    result = block.nodelist.render(context)
  File "/Users/huozhihui/zhi/django_project/lib/python2.7/site-packages/django/template/base.py", line 994, in render
    bit = node.render_annotated(context)
  File "/Users/huozhihui/zhi/django_project/lib/python2.7/site-packages/django/template/base.py", line 961, in render_annotated
    return self.render(context)
  File "/Users/huozhihui/zhi/django_project/lib/python2.7/site-packages/django/template/loader_tags.py", line 210, in render
    return template.render(context)
  File "/Users/huozhihui/zhi/django_project/lib/python2.7/site-packages/django/template/base.py", line 210, in render
    return self._render(context)
  File "/Users/huozhihui/zhi/django_project/lib/python2.7/site-packages/django/template/base.py", line 199, in _render
    return self.nodelist.render(context)
  File "/Users/huozhihui/zhi/django_project/lib/python2.7/site-packages/django/template/base.py", line 994, in render
    bit = node.render_annotated(context)
  File "/Users/huozhihui/zhi/django_project/lib/python2.7/site-packages/django/template/base.py", line 961, in render_annotated
    return self.render(context)
  File "/Users/huozhihui/zhi/django_project/lib/python2.7/site-packages/django/template/loader_tags.py", line 174, in render
    return compiled_parent._render(context)
  File "/Users/huozhihui/zhi/django_project/lib/python2.7/site-packages/django/template/base.py", line 199, in _render
    return self.nodelist.render(context)
  File "/Users/huozhihui/zhi/django_project/lib/python2.7/site-packages/django/template/base.py", line 994, in render
    bit = node.render_annotated(context)
  File "/Users/huozhihui/zhi/django_project/lib/python2.7/site-packages/django/template/base.py", line 961, in render_annotated
    return self.render(context)
  File "/Users/huozhihui/zhi/django_project/lib/python2.7/site-packages/django/template/loader_tags.py", line 70, in render
    result = block.nodelist.render(context)
  File "/Users/huozhihui/zhi/django_project/lib/python2.7/site-packages/django/template/base.py", line 994, in render
    bit = node.render_annotated(context)
  File "/Users/huozhihui/zhi/django_project/lib/python2.7/site-packages/django/template/base.py", line 961, in render_annotated
    return self.render(context)
  File "/Users/huozhihui/zhi/django_project/lib/python2.7/site-packages/django/template/defaulttags.py", line 209, in render
    nodelist.append(node.render_annotated(context))
  File "/Users/huozhihui/zhi/django_project/lib/python2.7/site-packages/django/template/base.py", line 961, in render_annotated
    return self.render(context)
  File "/Users/huozhihui/zhi/django_project/lib/python2.7/site-packages/django/template/loader_tags.py", line 210, in render
    return template.render(context)
  File "/Users/huozhihui/zhi/django_project/lib/python2.7/site-packages/django/template/base.py", line 210, in render
    return self._render(context)
  File "/Users/huozhihui/zhi/django_project/lib/python2.7/site-packages/django/template/base.py", line 199, in _render
    return self.nodelist.render(context)
  File "/Users/huozhihui/zhi/django_project/lib/python2.7/site-packages/django/template/base.py", line 994, in render
    bit = node.render_annotated(context)
  File "/Users/huozhihui/zhi/django_project/lib/python2.7/site-packages/django/template/base.py", line 961, in render_annotated
    return self.render(context)
  File "/Users/huozhihui/zhi/django_project/lib/python2.7/site-packages/django/template/base.py", line 1044, in render
    output = self.filter_expression.resolve(context)
  File "/Users/huozhihui/zhi/django_project/lib/python2.7/site-packages/django/template/base.py", line 711, in resolve
    obj = self.var.resolve(context)
  File "/Users/huozhihui/zhi/django_project/lib/python2.7/site-packages/django/template/base.py", line 852, in resolve
    value = self._resolve_lookup(context)
  File "/Users/huozhihui/zhi/django_project/lib/python2.7/site-packages/django/template/base.py", line 915, in _resolve_lookup
    current = current()
  File "/Users/huozhihui/zhi/django_project/devops_tool/workflow/models.py", line 84, in progress_per
    per = self.current_step() * 100 / float(self.step_count)
TypeError: float() argument must be a string or a number
Internal Server Error: /homework/deploy_status
Traceback (most recent call last):
  File "/Users/huozhihui/zhi/django_project/lib/python2.7/site-packages/django/core/handlers/exception.py", line 42, in inner
    response = get_response(request)
  File "/Users/huozhihui/zhi/django_project/lib/python2.7/site-packages/django/core/handlers/base.py", line 187, in _get_response
    response = self.process_exception_by_middleware(e, request)
  File "/Users/huozhihui/zhi/django_project/lib/python2.7/site-packages/channels/handler.py", line 237, in process_exception_by_middleware
    return super(AsgiHandler, self).process_exception_by_middleware(exception, request)
  File "/Users/huozhihui/zhi/django_project/lib/python2.7/site-packages/django/core/handlers/base.py", line 185, in _get_response
    response = wrapped_callback(request, *callback_args, **callback_kwargs)
  File "/Users/huozhihui/zhi/django_project/lib/python2.7/site-packages/django/contrib/auth/decorators.py", line 23, in _wrapped_view
    return view_func(request, *args, **kwargs)
  File "/Users/huozhihui/zhi/django_project/devops_tool/workflow/controllers/homework.py", line 17, in wrapper
    return func(*args, **kwargs)
  File "/Users/huozhihui/zhi/django_project/devops_tool/workflow/controllers/homework.py", line 17, in wrapper
    return func(*args, **kwargs)
  File "/Users/huozhihui/zhi/django_project/devops_tool/workflow/controllers/homework.py", line 468, in deploy_status
    return render(request, render_url, locals())
  File "/Users/huozhihui/zhi/django_project/lib/python2.7/site-packages/django/shortcuts.py", line 30, in render
    content = loader.render_to_string(template_name, context, request, using=using)
  File "/Users/huozhihui/zhi/django_project/lib/python2.7/site-packages/django/template/loader.py", line 68, in render_to_string
    return template.render(context, request)
  File "/Users/huozhihui/zhi/django_project/lib/python2.7/site-packages/django/template/backends/django.py", line 66, in render
    return self.template.render(context)
  File "/Users/huozhihui/zhi/django_project/lib/python2.7/site-packages/django/template/base.py", line 208, in render
    return self._render(context)
  File "/Users/huozhihui/zhi/django_project/lib/python2.7/site-packages/django/template/base.py", line 199, in _render
    return self.nodelist.render(context)
  File "/Users/huozhihui/zhi/django_project/lib/python2.7/site-packages/django/template/base.py", line 994, in render
    bit = node.render_annotated(context)
  File "/Users/huozhihui/zhi/django_project/lib/python2.7/site-packages/django/template/base.py", line 961, in render_annotated
    return self.render(context)
  File "/Users/huozhihui/zhi/django_project/lib/python2.7/site-packages/django/template/loader_tags.py", line 174, in render
    return compiled_parent._render(context)
  File "/Users/huozhihui/zhi/django_project/lib/python2.7/site-packages/django/template/base.py", line 199, in _render
    return self.nodelist.render(context)
  File "/Users/huozhihui/zhi/django_project/lib/python2.7/site-packages/django/template/base.py", line 994, in render
    bit = node.render_annotated(context)
  File "/Users/huozhihui/zhi/django_project/lib/python2.7/site-packages/django/template/base.py", line 961, in render_annotated
    return self.render(context)
  File "/Users/huozhihui/zhi/django_project/lib/python2.7/site-packages/django/template/loader_tags.py", line 174, in render
    return compiled_parent._render(context)
  File "/Users/huozhihui/zhi/django_project/lib/python2.7/site-packages/django/template/base.py", line 199, in _render
    return self.nodelist.render(context)
  File "/Users/huozhihui/zhi/django_project/lib/python2.7/site-packages/django/template/base.py", line 994, in render
    bit = node.render_annotated(context)
  File "/Users/huozhihui/zhi/django_project/lib/python2.7/site-packages/django/template/base.py", line 961, in render_annotated
    return self.render(context)
  File "/Users/huozhihui/zhi/django_project/lib/python2.7/site-packages/django/template/loader_tags.py", line 174, in render
    return compiled_parent._render(context)
  File "/Users/huozhihui/zhi/django_project/lib/python2.7/site-packages/django/template/base.py", line 199, in _render
    return self.nodelist.render(context)
  File "/Users/huozhihui/zhi/django_project/lib/python2.7/site-packages/django/template/base.py", line 994, in render
    bit = node.render_annotated(context)
  File "/Users/huozhihui/zhi/django_project/lib/python2.7/site-packages/django/template/base.py", line 961, in render_annotated
    return self.render(context)
  File "/Users/huozhihui/zhi/django_project/lib/python2.7/site-packages/django/template/loader_tags.py", line 70, in render
    result = block.nodelist.render(context)
  File "/Users/huozhihui/zhi/django_project/lib/python2.7/site-packages/django/template/base.py", line 994, in render
    bit = node.render_annotated(context)
  File "/Users/huozhihui/zhi/django_project/lib/python2.7/site-packages/django/template/base.py", line 961, in render_annotated
    return self.render(context)
  File "/Users/huozhihui/zhi/django_project/lib/python2.7/site-packages/django/template/loader_tags.py", line 70, in render
    result = block.nodelist.render(context)
  File "/Users/huozhihui/zhi/django_project/lib/python2.7/site-packages/django/template/base.py", line 994, in render
    bit = node.render_annotated(context)
  File "/Users/huozhihui/zhi/django_project/lib/python2.7/site-packages/django/template/base.py", line 961, in render_annotated
    return self.render(context)
  File "/Users/huozhihui/zhi/django_project/lib/python2.7/site-packages/django/template/loader_tags.py", line 70, in render
    result = block.nodelist.render(context)
  File "/Users/huozhihui/zhi/django_project/lib/python2.7/site-packages/django/template/base.py", line 994, in render
    bit = node.render_annotated(context)
  File "/Users/huozhihui/zhi/django_project/lib/python2.7/site-packages/django/template/base.py", line 961, in render_annotated
    return self.render(context)
  File "/Users/huozhihui/zhi/django_project/lib/python2.7/site-packages/django/template/loader_tags.py", line 210, in render
    return template.render(context)
  File "/Users/huozhihui/zhi/django_project/lib/python2.7/site-packages/django/template/base.py", line 210, in render
    return self._render(context)
  File "/Users/huozhihui/zhi/django_project/lib/python2.7/site-packages/django/template/base.py", line 199, in _render
    return self.nodelist.render(context)
  File "/Users/huozhihui/zhi/django_project/lib/python2.7/site-packages/django/template/base.py", line 994, in render
    bit = node.render_annotated(context)
  File "/Users/huozhihui/zhi/django_project/lib/python2.7/site-packages/django/template/base.py", line 961, in render_annotated
    return self.render(context)
  File "/Users/huozhihui/zhi/django_project/lib/python2.7/site-packages/django/template/loader_tags.py", line 174, in render
    return compiled_parent._render(context)
  File "/Users/huozhihui/zhi/django_project/lib/python2.7/site-packages/django/template/base.py", line 199, in _render
    return self.nodelist.render(context)
  File "/Users/huozhihui/zhi/django_project/lib/python2.7/site-packages/django/template/base.py", line 994, in render
    bit = node.render_annotated(context)
  File "/Users/huozhihui/zhi/django_project/lib/python2.7/site-packages/django/template/base.py", line 961, in render_annotated
    return self.render(context)
  File "/Users/huozhihui/zhi/django_project/lib/python2.7/site-packages/django/template/loader_tags.py", line 70, in render
    result = block.nodelist.render(context)
  File "/Users/huozhihui/zhi/django_project/lib/python2.7/site-packages/django/template/base.py", line 994, in render
    bit = node.render_annotated(context)
  File "/Users/huozhihui/zhi/django_project/lib/python2.7/site-packages/django/template/base.py", line 961, in render_annotated
    return self.render(context)
  File "/Users/huozhihui/zhi/django_project/lib/python2.7/site-packages/django/template/defaulttags.py", line 209, in render
    nodelist.append(node.render_annotated(context))
  File "/Users/huozhihui/zhi/django_project/lib/python2.7/site-packages/django/template/base.py", line 961, in render_annotated
    return self.render(context)
  File "/Users/huozhihui/zhi/django_project/lib/python2.7/site-packages/django/template/loader_tags.py", line 210, in render
    return template.render(context)
  File "/Users/huozhihui/zhi/django_project/lib/python2.7/site-packages/django/template/base.py", line 210, in render
    return self._render(context)
  File "/Users/huozhihui/zhi/django_project/lib/python2.7/site-packages/django/template/base.py", line 199, in _render
    return self.nodelist.render(context)
  File "/Users/huozhihui/zhi/django_project/lib/python2.7/site-packages/django/template/base.py", line 994, in render
    bit = node.render_annotated(context)
  File "/Users/huozhihui/zhi/django_project/lib/python2.7/site-packages/django/template/base.py", line 961, in render_annotated
    return self.render(context)
  File "/Users/huozhihui/zhi/django_project/lib/python2.7/site-packages/django/template/base.py", line 1044, in render
    output = self.filter_expression.resolve(context)
  File "/Users/huozhihui/zhi/django_project/lib/python2.7/site-packages/django/template/base.py", line 711, in resolve
    obj = self.var.resolve(context)
  File "/Users/huozhihui/zhi/django_project/lib/python2.7/site-packages/django/template/base.py", line 852, in resolve
    value = self._resolve_lookup(context)
  File "/Users/huozhihui/zhi/django_project/lib/python2.7/site-packages/django/template/base.py", line 915, in _resolve_lookup
    current = current()
  File "/Users/huozhihui/zhi/django_project/devops_tool/workflow/models.py", line 85, in progress_per
    per = self.current_step() * 100 / float(self.step_count)
TypeError: float() argument must be a string or a number
